wechat/build/outputs/logs/manifest-merger-debug-report.txt
-- Merging decision tree log ---
manifest
ADDED from AndroidManifest.xml:2:1
	xmlns:android
		ADDED from AndroidManifest.xml:2:11
	package
		ADDED from AndroidManifest.xml:3:5
		INJECTED from AndroidManifest.xml:0:0
		INJECTED from AndroidManifest.xml:0:0
	android:versionName
		ADDED from AndroidManifest.xml:5:5
	android:versionCode
		ADDED from AndroidManifest.xml:4:5
		INJECTED from AndroidManifest.xml:0:0
		INJECTED from AndroidManifest.xml:0:0
uses-sdk
ADDED from AndroidManifest.xml:7:5
MERGED from com.android.support:appcompat-v7:22.2.1:20:5
MERGED from com.android.support:support-v4:22.2.1:20:5
MERGED from com.android.support:support-v4:22.2.1:20:5
	android:targetSdkVersion
		ADDED from AndroidManifest.xml:9:9
		INJECTED from AndroidManifest.xml:0:0
		INJECTED from AndroidManifest.xml:0:0
	android:minSdkVersion
		ADDED from AndroidManifest.xml:8:9
		INJECTED from AndroidManifest.xml:0:0
		INJECTED from AndroidManifest.xml:0:0
uses-permission#android.permission.CAMERA
ADDED from AndroidManifest.xml:11:5
	android:name
		ADDED from AndroidManifest.xml:11:22
uses-permission#android.permission.INTERNET
ADDED from AndroidManifest.xml:12:5
	android:name
		ADDED from AndroidManifest.xml:12:22
uses-permission#android.permission.READ_PHONE_STATE
ADDED from AndroidManifest.xml:13:5
	android:name
		ADDED from AndroidManifest.xml:13:22
uses-permission#android.permission.ACCESS_NETWORK_STATE
ADDED from AndroidManifest.xml:14:5
	android:name
		ADDED from AndroidManifest.xml:14:22
uses-permission#android.permission.READ_CONTACTS
ADDED from AndroidManifest.xml:15:5
	android:name
		ADDED from AndroidManifest.xml:15:22
uses-permission#android.permission.VIBRATE
ADDED from AndroidManifest.xml:17:5
	android:name
		ADDED from AndroidManifest.xml:17:22
uses-permission#android.permission.RECORD_AUDIO
ADDED from AndroidManifest.xml:19:5
	android:name
		ADDED from AndroidManifest.xml:19:22
uses-permission#android.permission.ACCESS_MOCK_LOCATION
ADDED from AndroidManifest.xml:22:5
	android:name
		ADDED from AndroidManifest.xml:22:22
uses-permission#android.permission.WRITE_EXTERNAL_STORAGE
ADDED from AndroidManifest.xml:23:5
	android:name
		ADDED from AndroidManifest.xml:23:22
uses-permission#android.permission.MOUNT_UNMOUNT_FILESYSTEMS
ADDED from AndroidManifest.xml:24:5
	android:name
		ADDED from AndroidManifest.xml:24:22
uses-permission#android.permission.ACCESS_FINE_LOCATION
ADDED from AndroidManifest.xml:25:5
	android:name
		ADDED from AndroidManifest.xml:25:22
uses-permission#android.permission.GET_TASKS
ADDED from AndroidManifest.xml:26:5
	android:name
		ADDED from AndroidManifest.xml:26:22
uses-permission#android.permission.ACCESS_WIFI_STATE
ADDED from AndroidManifest.xml:27:5
	android:name
		ADDED from AndroidManifest.xml:27:22
uses-permission#android.permission.CHANGE_WIFI_STATE
ADDED from AndroidManifest.xml:28:5
	android:name
		ADDED from AndroidManifest.xml:28:22
uses-permission#android.permission.WAKE_LOCK
ADDED from AndroidManifest.xml:29:5
	android:name
		ADDED from AndroidManifest.xml:29:22
uses-permission#android.permission.MODIFY_AUDIO_SETTINGS
ADDED from AndroidManifest.xml:30:5
	android:name
		ADDED from AndroidManifest.xml:30:22
uses-permission#android.permission.RECEIVE_BOOT_COMPLETED
ADDED from AndroidManifest.xml:32:5
	android:name
		ADDED from AndroidManifest.xml:32:22
uses-permission#android.permission.GET_ACCOUNTS
ADDED from AndroidManifest.xml:34:5
	android:name
		ADDED from AndroidManifest.xml:34:22
uses-permission#android.permission.USE_CREDENTIALS
ADDED from AndroidManifest.xml:35:5
	android:name
		ADDED from AndroidManifest.xml:35:22
uses-permission#android.permission.MANAGE_ACCOUNTS
ADDED from AndroidManifest.xml:36:5
	android:name
		ADDED from AndroidManifest.xml:36:22
uses-permission#android.permission.AUTHENTICATE_ACCOUNTS
ADDED from AndroidManifest.xml:37:5
	android:name
		ADDED from AndroidManifest.xml:37:22
uses-permission#com.android.launcher.permission.READ_SETTINGS
ADDED from AndroidManifest.xml:38:5
	android:name
		ADDED from AndroidManifest.xml:38:22
uses-permission#android.permission.BROADCAST_STICKY
ADDED from AndroidManifest.xml:39:5
	android:name
		ADDED from AndroidManifest.xml:39:22
uses-permission#android.permission.WRITE_SETTINGS
ADDED from AndroidManifest.xml:40:5
	android:name
		ADDED from AndroidManifest.xml:40:22
uses-permission#android.permission.ACCESS_DOWNLOAD_MANAGER
ADDED from AndroidManifest.xml:43:5
	android:name
		ADDED from AndroidManifest.xml:43:22
uses-permission#android.permission.DOWNLOAD_WITHOUT_NOTIFICATION
ADDED from AndroidManifest.xml:44:5
	android:name
		ADDED from AndroidManifest.xml:44:22
uses-permission#android.permission.DISABLE_KEYGUARD
ADDED from AndroidManifest.xml:45:5
	android:name
		ADDED from AndroidManifest.xml:45:22
uses-permission#android.permission.ACCESS_COARSE_LOCATION
ADDED from AndroidManifest.xml:46:5
	android:name
		ADDED from AndroidManifest.xml:46:22
application
ADDED from AndroidManifest.xml:48:5
MERGED from com.android.support:appcompat-v7:22.2.1:22:5
MERGED from com.android.support:support-v4:22.2.1:22:5
MERGED from com.android.support:support-v4:22.2.1:22:5
	android:label
		ADDED from AndroidManifest.xml:52:9
	android:allowBackup
		ADDED from AndroidManifest.xml:49:9
	android:icon
		ADDED from AndroidManifest.xml:51:9
	android:theme
		ADDED from AndroidManifest.xml:53:9
	android:name
		ADDED from AndroidManifest.xml:50:9
activity#com.juns.wechat.SplashActivity
ADDED from AndroidManifest.xml:54:9
	android:screenOrientation
		ADDED from AndroidManifest.xml:56:13
	android:label
		ADDED from AndroidManifest.xml:57:13
	android:name
		ADDED from AndroidManifest.xml:55:13
intent-filter#android.intent.action.MAIN+android.intent.category.LAUNCHER
ADDED from AndroidManifest.xml:58:13
action#android.intent.action.MAIN
ADDED from AndroidManifest.xml:59:17
	android:name
		ADDED from AndroidManifest.xml:59:25
category#android.intent.category.LAUNCHER
ADDED from AndroidManifest.xml:61:17
	android:name
		ADDED from AndroidManifest.xml:61:27
activity#com.juns.wechat.MainActivity
ADDED from AndroidManifest.xml:64:9
	android:screenOrientation
		ADDED from AndroidManifest.xml:65:43
	android:name
		ADDED from AndroidManifest.xml:65:13
activity#com.juns.wechat.view.activity.LoginActivity
ADDED from AndroidManifest.xml:67:9
	android:screenOrientation
		ADDED from AndroidManifest.xml:68:58
	android:name
		ADDED from AndroidManifest.xml:68:13
activity#com.juns.wechat.view.activity.RegisterActivity
ADDED from AndroidManifest.xml:70:9
	android:screenOrientation
		ADDED from AndroidManifest.xml:71:61
	android:name
		ADDED from AndroidManifest.xml:71:13
activity#com.juns.wechat.view.activity.FriendMsgActivity
ADDED from AndroidManifest.xml:73:9
	android:screenOrientation
		ADDED from AndroidManifest.xml:74:62
	android:name
		ADDED from AndroidManifest.xml:74:13
activity#com.juns.wechat.view.activity.PublishUserListActivity
ADDED from AndroidManifest.xml:76:9
	android:screenOrientation
		ADDED from AndroidManifest.xml:77:68
	android:name
		ADDED from AndroidManifest.xml:77:13
activity#com.juns.wechat.view.activity.PublicActivity
ADDED from AndroidManifest.xml:79:9
	android:screenOrientation
		ADDED from AndroidManifest.xml:80:59
	android:name
		ADDED from AndroidManifest.xml:80:13
activity#com.juns.wechat.view.activity.SearchActivity
ADDED from AndroidManifest.xml:82:9
	android:screenOrientation
		ADDED from AndroidManifest.xml:83:59
	android:name
		ADDED from AndroidManifest.xml:83:13
activity#com.juns.wechat.view.activity.NewFriendsListActivity
ADDED from AndroidManifest.xml:85:9
	android:screenOrientation
		ADDED from AndroidManifest.xml:86:67
	android:name
		ADDED from AndroidManifest.xml:86:13
activity#com.juns.wechat.view.activity.GroupListActivity
ADDED from AndroidManifest.xml:88:9
	android:screenOrientation
		ADDED from AndroidManifest.xml:89:62
	android:name
		ADDED from AndroidManifest.xml:89:13
activity#com.juns.wechat.view.activity.PublishMsgListActivity
ADDED from AndroidManifest.xml:91:9
	android:screenOrientation
		ADDED from AndroidManifest.xml:92:67
	android:name
		ADDED from AndroidManifest.xml:92:13
activity#com.juns.wechat.view.activity.SettingActivity
ADDED from AndroidManifest.xml:94:9
	android:screenOrientation
		ADDED from AndroidManifest.xml:95:60
	android:name
		ADDED from AndroidManifest.xml:95:13
activity#com.juns.wechat.view.activity.AlbumActivity
ADDED from AndroidManifest.xml:97:9
	android:screenOrientation
		ADDED from AndroidManifest.xml:98:58
	android:name
		ADDED from AndroidManifest.xml:98:13
activity#com.juns.wechat.view.activity.PublishMsgDetailActivity
ADDED from AndroidManifest.xml:100:9
	android:screenOrientation
		ADDED from AndroidManifest.xml:101:69
	android:name
		ADDED from AndroidManifest.xml:101:13
activity#com.juns.wechat.view.activity.GetMoneyActivity
ADDED from AndroidManifest.xml:103:9
	android:screenOrientation
		ADDED from AndroidManifest.xml:104:61
	android:name
		ADDED from AndroidManifest.xml:104:13
activity#com.juns.wechat.view.activity.SetMoneyActivity
ADDED from AndroidManifest.xml:106:9
	android:screenOrientation
		ADDED from AndroidManifest.xml:107:61
	android:name
		ADDED from AndroidManifest.xml:107:13
activity#com.juns.wechat.view.activity.AddFromContactActivity
ADDED from AndroidManifest.xml:109:9
	android:screenOrientation
		ADDED from AndroidManifest.xml:110:67
	android:name
		ADDED from AndroidManifest.xml:110:13
activity#com.juns.wechat.view.activity.EditUserNameActivity
ADDED from AndroidManifest.xml:112:9
	android:screenOrientation
		ADDED from AndroidManifest.xml:113:65
	android:name
		ADDED from AndroidManifest.xml:113:13
activity#com.juns.wechat.view.activity.WebViewActivity
ADDED from AndroidManifest.xml:115:9
	android:windowSoftInputMode
		ADDED from AndroidManifest.xml:119:13
	android:screenOrientation
		ADDED from AndroidManifest.xml:117:13
	android:configChanges
		ADDED from AndroidManifest.xml:118:13
	android:name
		ADDED from AndroidManifest.xml:116:13
activity#com.juns.wechat.zxing.CaptureActivity
ADDED from AndroidManifest.xml:122:9
	android:screenOrientation
		ADDED from AndroidManifest.xml:123:52
	android:name
		ADDED from AndroidManifest.xml:123:13
activity#com.juns.wechat.view.activity.MyCodeActivity
ADDED from AndroidManifest.xml:125:9
	android:screenOrientation
		ADDED from AndroidManifest.xml:126:59
	android:name
		ADDED from AndroidManifest.xml:126:13
service#com.juns.wechat.view.UpdateService
ADDED from AndroidManifest.xml:128:9
	android:name
		ADDED from AndroidManifest.xml:128:18
activity#com.juns.wechat.view.activity.ShareActivity
ADDED from AndroidManifest.xml:130:9
	android:label
		ADDED from AndroidManifest.xml:132:13
	android:name
		ADDED from AndroidManifest.xml:131:13
intent-filter#android.intent.action.SEND+android.intent.category.DEFAULT
ADDED from AndroidManifest.xml:133:13
action#android.intent.action.SEND
ADDED from AndroidManifest.xml:134:17
	android:name
		ADDED from AndroidManifest.xml:134:25
category#android.intent.category.DEFAULT
ADDED from AndroidManifest.xml:136:17
	android:name
		ADDED from AndroidManifest.xml:136:27
data
ADDED from AndroidManifest.xml:138:17
	android:mimeType
		ADDED from AndroidManifest.xml:138:23
intent-filter#android.intent.action.SEND_MULTIPLE+android.intent.category.DEFAULT
ADDED from AndroidManifest.xml:147:13
action#android.intent.action.SEND_MULTIPLE
ADDED from AndroidManifest.xml:148:17
	android:name
		ADDED from AndroidManifest.xml:148:25
activity#com.juns.wechat.chat.ChatActivity
ADDED from AndroidManifest.xml:157:9
	android:windowSoftInputMode
		ADDED from AndroidManifest.xml:162:13
	android:screenOrientation
		ADDED from AndroidManifest.xml:160:13
	android:configChanges
		ADDED from AndroidManifest.xml:161:13
	android:name
		ADDED from AndroidManifest.xml:158:13
	android:launchMode
		ADDED from AndroidManifest.xml:159:13
activity#com.juns.wechat.view.activity.AddGroupChatActivity
ADDED from AndroidManifest.xml:164:9
	android:screenOrientation
		ADDED from AndroidManifest.xml:166:13
	android:name
		ADDED from AndroidManifest.xml:165:13
activity#com.juns.wechat.view.activity.GroupSettingActivity
ADDED from AndroidManifest.xml:168:9
	android:screenOrientation
		ADDED from AndroidManifest.xml:170:13
	android:name
		ADDED from AndroidManifest.xml:169:13
activity#com.juns.wechat.chat.VoiceCallActivity
ADDED from AndroidManifest.xml:172:9
	android:screenOrientation
		ADDED from AndroidManifest.xml:174:13
	android:name
		ADDED from AndroidManifest.xml:173:13
activity#com.juns.wechat.chat.VideoCallActivity
ADDED from AndroidManifest.xml:176:9
	android:screenOrientation
		ADDED from AndroidManifest.xml:178:13
	android:name
		ADDED from AndroidManifest.xml:177:13
activity#com.juns.wechat.chat.BaiduMapActivity
ADDED from AndroidManifest.xml:180:9
	android:screenOrientation
		ADDED from AndroidManifest.xml:182:13
	android:name
		ADDED from AndroidManifest.xml:181:13
activity#com.juns.wechat.chat.AlertDialog
ADDED from AndroidManifest.xml:184:9
	android:screenOrientation
		ADDED from AndroidManifest.xml:187:13
	android:theme
		ADDED from AndroidManifest.xml:186:13
	android:name
		ADDED from AndroidManifest.xml:185:13
activity#com.juns.wechat.chat.ContextMenu
ADDED from AndroidManifest.xml:189:9
	android:screenOrientation
		ADDED from AndroidManifest.xml:192:13
	android:theme
		ADDED from AndroidManifest.xml:191:13
	android:name
		ADDED from AndroidManifest.xml:190:13
activity#com.juns.wechat.chat.ShowBigImage
ADDED from AndroidManifest.xml:194:9
	android:screenOrientation
		ADDED from AndroidManifest.xml:197:13
	android:theme
		ADDED from AndroidManifest.xml:196:13
	android:name
		ADDED from AndroidManifest.xml:195:13
activity#com.juns.wechat.chat.ShowNormalFileActivity
ADDED from AndroidManifest.xml:199:9
	android:screenOrientation
		ADDED from AndroidManifest.xml:201:13
	android:name
		ADDED from AndroidManifest.xml:200:13
activity#com.juns.wechat.chat.ShowVideoActivity
ADDED from AndroidManifest.xml:203:9
	android:windowSoftInputMode
		ADDED from AndroidManifest.xml:206:13
	android:screenOrientation
		ADDED from AndroidManifest.xml:207:13
	android:theme
		ADDED from AndroidManifest.xml:205:13
	android:name
		ADDED from AndroidManifest.xml:204:13
receiver#com.easemob.chat.StartServiceReceiver
ADDED from AndroidManifest.xml:210:9
	android:name
		ADDED from AndroidManifest.xml:210:19
intent-filter#android.intent.action.BOOT_COMPLETED+android.intent.action.QUICKBOOT_POWERON+android.intent.category.LAUNCHER
ADDED from AndroidManifest.xml:211:13
	android:priority
		ADDED from AndroidManifest.xml:211:28
action#android.intent.action.BOOT_COMPLETED
ADDED from AndroidManifest.xml:212:17
	android:name
		ADDED from AndroidManifest.xml:212:25
action#android.intent.action.QUICKBOOT_POWERON
ADDED from AndroidManifest.xml:213:17
	android:name
		ADDED from AndroidManifest.xml:213:25
meta-data#EASEMOB_APPKEY
ADDED from AndroidManifest.xml:221:9
	android:name
		ADDED from AndroidManifest.xml:222:13
	android:value
		ADDED from AndroidManifest.xml:223:13
service#com.easemob.chat.EMChatService
ADDED from AndroidManifest.xml:225:9
	android:name
		ADDED from AndroidManifest.xml:225:18
service#com.baidu.location.f
ADDED from AndroidManifest.xml:228:9
	android:process
		ADDED from AndroidManifest.xml:231:13
	android:enabled
		ADDED from AndroidManifest.xml:230:13
	android:name
		ADDED from AndroidManifest.xml:229:13
meta-data#UMENG_APPKEY
ADDED from AndroidManifest.xml:234:9
	android:name
		ADDED from AndroidManifest.xml:235:13
	android:value
		ADDED from AndroidManifest.xml:236:13
meta-data#com.baidu.lbsapi.API_KEY
ADDED from AndroidManifest.xml:238:9
	android:name
		ADDED from AndroidManifest.xml:239:13
	android:value
		ADDED from AndroidManifest.xml:240:13
service#com.baidu.android.pushservice.PushService
ADDED from AndroidManifest.xml:247:9
	android:process
		ADDED from AndroidManifest.xml:250:13
	android:exported
		ADDED from AndroidManifest.xml:249:13
	android:name
		ADDED from AndroidManifest.xml:248:13
intent-filter#com.baidu.android.pushservice.action.PUSH_SERVICE
ADDED from AndroidManifest.xml:251:13
action#com.baidu.android.pushservice.action.PUSH_SERVICE
ADDED from AndroidManifest.xml:252:17
	android:name
		ADDED from AndroidManifest.xml:252:25
service#com.baidu.android.pushservice.CommandService
ADDED from AndroidManifest.xml:256:9
	android:exported
		ADDED from AndroidManifest.xml:258:13
	android:name
		ADDED from AndroidManifest.xml:257:13
receiver#com.baidu.android.pushservice.PushServiceReceiver
ADDED from AndroidManifest.xml:259:9
	android:process
		ADDED from AndroidManifest.xml:260:13
	android:name
		ADDED from AndroidManifest.xml:259:19
intent-filter#android.intent.action.BOOT_COMPLETED+android.net.conn.CONNECTIVITY_CHANGE+com.baidu.android.pushservice.action.media.CLICK+com.baidu.android.pushservice.action.notification.SHOW
ADDED from AndroidManifest.xml:261:13
action#android.net.conn.CONNECTIVITY_CHANGE
ADDED from AndroidManifest.xml:263:17
	android:name
		ADDED from AndroidManifest.xml:263:25
action#com.baidu.android.pushservice.action.notification.SHOW
ADDED from AndroidManifest.xml:264:17
	android:name
		ADDED from AndroidManifest.xml:264:25
action#com.baidu.android.pushservice.action.media.CLICK
ADDED from AndroidManifest.xml:265:17
	android:name
		ADDED from AndroidManifest.xml:265:25
receiver#com.juns.wechat.PushMessageReceiver
ADDED from AndroidManifest.xml:269:9
	android:name
		ADDED from AndroidManifest.xml:269:19
intent-filter#com.baidu.android.pushservice.action.MESSAGE+com.baidu.android.pushservice.action.RECEIVE+com.baidu.android.pushservice.action.notification.CLICK
ADDED from AndroidManifest.xml:270:13
action#com.baidu.android.pushservice.action.MESSAGE
ADDED from AndroidManifest.xml:272:17
	android:name
		ADDED from AndroidManifest.xml:272:25
action#com.baidu.android.pushservice.action.RECEIVE
ADDED from AndroidManifest.xml:274:17
	android:name
		ADDED from AndroidManifest.xml:274:25
action#com.baidu.android.pushservice.action.notification.CLICK
ADDED from AndroidManifest.xml:275:17
	android:name
		ADDED from AndroidManifest.xml:275:25
meta-data#api_key
ADDED from AndroidManifest.xml:311:9
	android:name
		ADDED from AndroidManifest.xml:311:20
	android:value
		ADDED from AndroidManifest.xml:311:43